[     5.228] (--) Log file renamed from "/home/xy/.local/share/xorg/Xorg.pid-1089.log" to "/home/xy/.local/share/xorg/Xorg.0.log"
[     5.229] 
X.Org X Server 1.20.8
X Protocol Version 11, Revision 0
[     5.229] Build Operating System: Linux 4.4.0-184-generic x86_64 Ubuntu
[     5.229] Current Operating System: Linux xy-VirtualBox 5.4.0-42-generic #46~18.04.1-Ubuntu SMP Fri Jul 10 07:21:24 UTC 2020 x86_64
[     5.229] Kernel command line: BOOT_IMAGE=/boot/vmlinuz-5.4.0-42-generic root=UUID=ae4b900b-4d08-4b48-87ea-f2b33d4b3e4c ro quiet splash
[     5.229] Build Date: 03 July 2020  07:00:25AM
[     5.229] xorg-server-hwe-18.04 2:1.20.8-2ubuntu2.2~18.04.1 (For technical support please see http://www.ubuntu.com/support) 
[     5.229] Current version of pixman: 0.34.0
[     5.229] 	Before reporting problems, check http://wiki.x.org
	to make sure that you have the latest version.
[     5.229] Markers: (--) probed, (**) from config file, (==) default setting,
	(++) from command line, (!!) notice, (II) informational,
	(WW) warning, (EE) error, (NI) not implemented, (??) unknown.
[     5.229] (==) Log file: "/home/xy/.local/share/xorg/Xorg.0.log", Time: Sat Nov 21 17:04:37 2020
[     5.231] (==) Using system config directory "/usr/share/X11/xorg.conf.d"
[     5.232] (==) No Layout section.  Using the first Screen section.
[     5.232] (==) No screen section available. Using defaults.
[     5.232] (**) |-->Screen "Default Screen Section" (0)
[     5.232] (**) |   |-->Monitor "<default monitor>"
[     5.232] (==) No monitor specified for screen "Default Screen Section".
	Using a default monitor configuration.
[     5.232] (==) Automatically adding devices
[     5.232] (==) Automatically enabling devices
[     5.232] (==) Automatically adding GPU devices
[     5.232] (==) Automatically binding GPU devices
[     5.232] (==) Max clients allowed: 256, resource mask: 0x1fffff
[     5.233] (WW) The directory "/usr/share/fonts/X11/cyrillic" does not exist.
[     5.233] 	Entry deleted from font path.
[     5.233] (WW) The directory "/usr/share/fonts/X11/100dpi/" does not exist.
[     5.233] 	Entry deleted from font path.
[     5.233] (WW) The directory "/usr/share/fonts/X11/75dpi/" does not exist.
[     5.233] 	Entry deleted from font path.
[     5.233] (WW) The directory "/usr/share/fonts/X11/100dpi" does not exist.
[     5.233] 	Entry deleted from font path.
[     5.233] (WW) The directory "/usr/share/fonts/X11/75dpi" does not exist.
[     5.233] 	Entry deleted from font path.
[     5.233] (==) FontPath set to:
	/usr/share/fonts/X11/misc,
	/usr/share/fonts/X11/Type1,
	built-ins
[     5.233] (==) ModulePath set to "/usr/lib/xorg/modules"
[     5.233] (II) The server relies on udev to provide the list of input devices.
	If no devices become available, reconfigure udev or disable AutoAddDevices.
[     5.233] (II) Loader magic: 0x55a0dad32020
[     5.233] (II) Module ABI versions:
[     5.233] 	X.Org ANSI C Emulation: 0.4
[     5.233] 	X.Org Video Driver: 24.1
[     5.233] 	X.Org XInput driver : 24.1
[     5.233] 	X.Org Server Extension : 10.0
[     5.234] (++) using VT number 1

[     5.236] (II) systemd-logind: took control of session /org/freedesktop/login1/session/_31
[     5.237] (II) xfree86: Adding drm device (/dev/dri/card0)
[     5.238] (II) systemd-logind: got fd for /dev/dri/card0 226:0 fd 12 paused 0
[     5.239] (--) PCI:*(0@0:2:0) 15ad:0405:15ad:0405 rev 0, Mem @ 0xe0000000/134217728, 0xf0000000/2097152, I/O @ 0x0000d010/16, BIOS @ 0x????????/131072
[     5.239] (II) LoadModule: "glx"
[     5.240] (II) Loading /usr/lib/xorg/modules/extensions/libglx.so
[     5.244] (II) Module glx: vendor="X.Org Foundation"
[     5.244] 	compiled for 1.20.8, module version = 1.0.0
[     5.244] 	ABI class: X.Org Server Extension, version 10.0
[     5.244] (==) Matched vmware as autoconfigured driver 0
[     5.244] (==) Matched modesetting as autoconfigured driver 1
[     5.244] (==) Matched fbdev as autoconfigured driver 2
[     5.244] (==) Matched vesa as autoconfigured driver 3
[     5.244] (==) Assigned the driver to the xf86ConfigLayout
[     5.244] (II) LoadModule: "vmware"
[     5.244] (II) Loading /usr/lib/xorg/modules/drivers/vmware_drv.so
[     5.279] (II) Module vmware: vendor="X.Org Foundation"
[     5.279] 	compiled for 1.20.1, module version = 13.3.0
[     5.279] 	Module class: X.Org Video Driver
[     5.279] 	ABI class: X.Org Video Driver, version 24.0
[     5.279] (II) LoadModule: "modesetting"
[     5.280] (II) Loading /usr/lib/xorg/modules/drivers/modesetting_drv.so
[     5.280] (II) Module modesetting: vendor="X.Org Foundation"
[     5.280] 	compiled for 1.20.8, module version = 1.20.8
[     5.280] 	Module class: X.Org Video Driver
[     5.280] 	ABI class: X.Org Video Driver, version 24.1
[     5.280] (II) LoadModule: "fbdev"
[     5.280] (II) Loading /usr/lib/xorg/modules/drivers/fbdev_drv.so
[     5.281] (II) Module fbdev: vendor="X.Org Foundation"
[     5.281] 	compiled for 1.20.1, module version = 0.5.0
[     5.281] 	Module class: X.Org Video Driver
[     5.281] 	ABI class: X.Org Video Driver, version 24.0
[     5.281] (II) LoadModule: "vesa"
[     5.281] (II) Loading /usr/lib/xorg/modules/drivers/vesa_drv.so
[     5.281] (II) Module vesa: vendor="X.Org Foundation"
[     5.281] 	compiled for 1.20.1, module version = 2.4.0
[     5.281] 	Module class: X.Org Video Driver
[     5.281] 	ABI class: X.Org Video Driver, version 24.0
[     5.281] (II) vmware: driver for VMware SVGA: vmware0405, vmware0710
[     5.281] (II) modesetting: Driver for Modesetting Kernel Drivers: kms
[     5.281] (II) FBDEV: driver for framebuffer: fbdev
[     5.281] (II) VESA: driver for VESA chipsets: vesa
[     5.282] xf86EnableIOPorts: failed to set IOPL for I/O (Operation not permitted)
[     5.282] (WW) Falling back to old probe method for modesetting
[     5.282] (WW) Falling back to old probe method for fbdev
[     5.282] (II) Loading sub module "fbdevhw"
[     5.282] (II) LoadModule: "fbdevhw"
[     5.282] (II) Loading /usr/lib/xorg/modules/libfbdevhw.so
[     5.282] (II) Module fbdevhw: vendor="X.Org Foundation"
[     5.282] 	compiled for 1.20.8, module version = 0.0.2
[     5.282] 	ABI class: X.Org Video Driver, version 24.1
[     5.282] (EE) open /dev/fb0: Permission denied
[     5.282] (WW) VGA arbiter: cannot open kernel arbiter, no multi-card support
[     5.282] (II) vmware(0): Creating default Display subsection in Screen section
	"Default Screen Section" for depth/fbbpp 24/32
[     5.282] (--) vmware(0): DRM driver version is 2.15.0
[     5.282] (==) vmware(0): Depth 24, (--) framebuffer bpp 32
[     5.283] (==) vmware(0): RGB weight 888
[     5.283] (==) vmware(0): Default visual is TrueColor
[     5.283] (--) vmware(0): Min width 1, Max Width 8192.
[     5.283] (--) vmware(0): Min height 1, Max Height 8192.
[     5.283] (II) vmware(0): Output Virtual1 has no monitor section
[     5.283] (II) vmware(0): Output Virtual2 has no monitor section
[     5.283] (II) vmware(0): Output Virtual3 has no monitor section
[     5.283] (II) vmware(0): Output Virtual4 has no monitor section
[     5.283] (II) vmware(0): Output Virtual5 has no monitor section
[     5.283] (II) vmware(0): Output Virtual6 has no monitor section
[     5.283] (II) vmware(0): Output Virtual7 has no monitor section
[     5.283] (II) vmware(0): Output Virtual8 has no monitor section
[     5.283] (II) vmware(0): Printing probed modes for output Virtual1
[     5.284] (II) vmware(0): Modeline "800x600"x60.0   42.75  800 850 900 950  600 650 700 750 -hsync +vsync (45.0 kHz eP)
[     5.284] (II) vmware(0): Modeline "2560x1600"x60.0  348.50  2560 2752 3032 3504  1600 1603 1609 1658 -hsync +vsync (99.5 kHz e)
[     5.284] (II) vmware(0): Modeline "1920x1440"x60.0  234.00  1920 2048 2256 2600  1440 1441 1444 1500 -hsync +vsync (90.0 kHz e)
[     5.284] (II) vmware(0): Modeline "1856x1392"x60.0  218.25  1856 1952 2176 2528  1392 1393 1396 1439 -hsync +vsync (86.3 kHz e)
[     5.284] (II) vmware(0): Modeline "1792x1344"x60.0  204.75  1792 1920 2120 2448  1344 1345 1348 1394 -hsync +vsync (83.6 kHz e)
[     5.284] (II) vmware(0): Modeline "1920x1200"x59.9  193.25  1920 2056 2256 2592  1200 1203 1209 1245 -hsync +vsync (74.6 kHz e)
[     5.284] (II) vmware(0): Modeline "1600x1200"x60.0  162.00  1600 1664 1856 2160  1200 1201 1204 1250 +hsync +vsync (75.0 kHz e)
[     5.284] (II) vmware(0): Modeline "1680x1050"x60.0  146.25  1680 1784 1960 2240  1050 1053 1059 1089 -hsync +vsync (65.3 kHz e)
[     5.284] (II) vmware(0): Modeline "1400x1050"x60.0  121.75  1400 1488 1632 1864  1050 1053 1057 1089 -hsync +vsync (65.3 kHz e)
[     5.284] (II) vmware(0): Modeline "1280x1024"x60.0  108.00  1280 1328 1440 1688  1024 1025 1028 1066 +hsync +vsync (64.0 kHz e)
[     5.284] (II) vmware(0): Modeline "1440x900"x59.9  106.50  1440 1520 1672 1904  900 903 909 934 -hsync +vsync (55.9 kHz e)
[     5.284] (II) vmware(0): Modeline "1280x960"x60.0  108.00  1280 1376 1488 1800  960 961 964 1000 +hsync +vsync (60.0 kHz e)
[     5.284] (II) vmware(0): Modeline "1360x768"x60.0   85.50  1360 1424 1536 1792  768 771 777 795 +hsync +vsync (47.7 kHz e)
[     5.284] (II) vmware(0): Modeline "1280x800"x59.8   83.50  1280 1352 1480 1680  800 803 809 831 +hsync -vsync (49.7 kHz e)
[     5.284] (II) vmware(0): Modeline "1152x864"x75.0  108.00  1152 1216 1344 1600  864 865 868 900 +hsync +vsync (67.5 kHz e)
[     5.284] (II) vmware(0): Modeline "1280x768"x59.9   79.50  1280 1344 1472 1664  768 771 778 798 -hsync +vsync (47.8 kHz e)
[     5.284] (II) vmware(0): Modeline "1024x768"x60.0   65.00  1024 1048 1184 1344  768 771 777 806 -hsync -vsync (48.4 kHz e)
[     5.284] (II) vmware(0): Modeline "800x600"x60.3   40.00  800 840 968 1056  600 601 605 628 +hsync +vsync (37.9 kHz e)
[     5.284] (II) vmware(0): Modeline "640x480"x59.9   25.18  640 656 752 800  480 489 492 525 -hsync -vsync (31.5 kHz e)
[     5.284] (II) vmware(0): EDID for output Virtual2
[     5.284] (II) vmware(0): EDID for output Virtual3
[     5.284] (II) vmware(0): EDID for output Virtual4
[     5.284] (II) vmware(0): EDID for output Virtual5
[     5.284] (II) vmware(0): EDID for output Virtual6
[     5.284] (II) vmware(0): EDID for output Virtual7
[     5.284] (II) vmware(0): EDID for output Virtual8
[     5.285] (II) vmware(0): Output Virtual1 connected
[     5.285] (II) vmware(0): Output Virtual2 disconnected
[     5.285] (II) vmware(0): Output Virtual3 disconnected
[     5.285] (II) vmware(0): Output Virtual4 disconnected
[     5.285] (II) vmware(0): Output Virtual5 disconnected
[     5.285] (II) vmware(0): Output Virtual6 disconnected
[     5.285] (II) vmware(0): Output Virtual7 disconnected
[     5.285] (II) vmware(0): Output Virtual8 disconnected
[     5.285] (II) vmware(0): Using exact sizes for initial modes
[     5.285] (II) vmware(0): Output Virtual1 using initial mode 800x600 +0+0
[     5.285] (==) vmware(0): DPI set to (96, 96)
[     5.285] (==) vmware(0): Using gamma correction (1.0, 1.0, 1.0)
[     5.285] (II) Loading sub module "fb"
[     5.285] (II) LoadModule: "fb"
[     5.285] (II) Loading /usr/lib/xorg/modules/libfb.so
[     5.286] (II) Module fb: vendor="X.Org Foundation"
[     5.286] 	compiled for 1.20.8, module version = 1.0.0
[     5.286] 	ABI class: X.Org ANSI C Emulation, version 0.4
[     5.286] (II) Loading sub module "dri2"
[     5.286] (II) LoadModule: "dri2"
[     5.286] (II) Module "dri2" already built-in
[     5.286] (II) Loading sub module "dri3"
[     5.286] (II) LoadModule: "dri3"
[     5.286] (II) Module "dri3" already built-in
[     5.286] (II) UnloadModule: "modesetting"
[     5.286] (II) Unloading modesetting
[     5.286] (II) UnloadModule: "fbdev"
[     5.286] (II) Unloading fbdev
[     5.286] (II) UnloadSubModule: "fbdevhw"
[     5.286] (II) Unloading fbdevhw
[     5.286] (II) UnloadModule: "vesa"
[     5.286] (II) Unloading vesa
[     5.287] (II) vmware(0): Initialized VMWARE_CTRL extension version 0.2
[     5.291] (WW) vmware(0): Failed to initialize Gallium3D Xa. No render acceleration available.
[     5.291] (WW) vmware(0): Skipped initialization of direct rendering due to lack of render acceleration.
[     5.291] (--) vmware(0): Render acceleration is disabled.
[     5.291] (==) vmware(0): Rendercheck mode is disabled.
[     5.291] (--) vmware(0): Direct rendering (DRI2 3D) is disabled.
[     5.291] (--) vmware(0): Direct rendering (DRI3 3D) is disabled.
[     5.291] (==) vmware(0): Backing store enabled
[     5.291] (==) vmware(0): Silken mouse enabled
[     5.292] (==) vmware(0): DPMS enabled
[     5.292] (II) vmware(0): No 3D acceleration. Not setting up textured video.
[     5.292] (WW) vmware(0): Disabling Xv because no adaptors could be initialized.
[     5.292] (II) Initializing extension Generic Event Extension
[     5.292] (II) Initializing extension SHAPE
[     5.292] (II) Initializing extension MIT-SHM
[     5.292] (II) Initializing extension XInputExtension
[     5.293] (II) Initializing extension XTEST
[     5.293] (II) Initializing extension BIG-REQUESTS
[     5.294] (II) Initializing extension SYNC
[     5.294] (II) Initializing extension XKEYBOARD
[     5.294] (II) Initializing extension XC-MISC
[     5.294] (II) Initializing extension SECURITY
[     5.294] (II) Initializing extension XFIXES
[     5.294] (II) Initializing extension RENDER
[     5.295] (II) Initializing extension RANDR
[     5.295] (II) Initializing extension COMPOSITE
[     5.295] (II) Initializing extension DAMAGE
[     5.295] (II) Initializing extension MIT-SCREEN-SAVER
[     5.295] (II) Initializing extension DOUBLE-BUFFER
[     5.295] (II) Initializing extension RECORD
[     5.296] (II) Initializing extension DPMS
[     5.296] (II) Initializing extension Present
[     5.296] (II) Initializing extension DRI3
[     5.296] (II) Initializing extension X-Resource
[     5.296] (II) Initializing extension XVideo
[     5.296] (II) Initializing extension XVideo-MotionCompensation
[     5.296] (II) Initializing extension SELinux
[     5.296] (II) SELinux: Disabled on system
[     5.296] (II) Initializing extension GLX
[     5.297] (II) AIGLX: Screen 0 is not DRI2 capable
[     5.312] (II) IGLX: Loaded and initialized swrast
[     5.312] (II) GLX: Initialized DRISWRAST GL provider for screen 0
[     5.312] (II) Initializing extension XFree86-VidModeExtension
[     5.312] (II) Initializing extension XFree86-DGA
[     5.312] (II) Initializing extension XFree86-DRI
[     5.312] (II) Initializing extension DRI2
[     5.315] (II) vmware(0): Setting screen physical size to 211 x 158
[     5.849] (II) config/udev: Adding input device Power Button (/dev/input/event0)
[     5.849] (**) Power Button: Applying InputClass "libinput keyboard catchall"
[     5.849] (II) LoadModule: "libinput"
[     5.849] (II) Loading /usr/lib/xorg/modules/input/libinput_drv.so
[     5.852] (II) Module libinput: vendor="X.Org Foundation"
[     5.852] 	compiled for 1.20.1, module version = 0.28.1
[     5.852] 	Module class: X.Org XInput Driver
[     5.852] 	ABI class: X.Org XInput driver, version 24.1
[     5.853] (II) Using input driver 'libinput' for 'Power Button'
[     5.854] (II) systemd-logind: got fd for /dev/input/event0 13:64 fd 20 paused 0
[     5.854] (**) Power Button: always reports core events
[     5.854] (**) Option "Device" "/dev/input/event0"
[     5.854] (**) Option "_source" "server/udev"
[     5.855] (II) event0  - Power Button: is tagged by udev as: Keyboard
[     5.855] (II) event0  - Power Button: device is a keyboard
[     5.855] (II) event0  - Power Button: device removed
[     5.855] (**) Option "config_info" "udev:/sys/devices/LNXSYSTM:00/LNXPWRBN:00/input/input0/event0"
[     5.855] (II) XINPUT: Adding extended input device "Power Button" (type: KEYBOARD, id 6)
[     5.855] (**) Option "xkb_model" "pc105"
[     5.855] (**) Option "xkb_layout" "cn"
[     5.869] (II) event0  - Power Button: is tagged by udev as: Keyboard
[     5.869] (II) event0  - Power Button: device is a keyboard
[     5.870] (II) config/udev: Adding input device Sleep Button (/dev/input/event1)
[     5.870] (**) Sleep Button: Applying InputClass "libinput keyboard catchall"
[     5.870] (II) Using input driver 'libinput' for 'Sleep Button'
[     5.871] (II) systemd-logind: got fd for /dev/input/event1 13:65 fd 23 paused 0
[     5.871] (**) Sleep Button: always reports core events
[     5.871] (**) Option "Device" "/dev/input/event1"
[     5.871] (**) Option "_source" "server/udev"
[     5.872] (II) event1  - Sleep Button: is tagged by udev as: Keyboard
[     5.872] (II) event1  - Sleep Button: device is a keyboard
[     5.872] (II) event1  - Sleep Button: device removed
[     5.872] (**) Option "config_info" "udev:/sys/devices/LNXSYSTM:00/LNXSLPBN:00/input/input1/event1"
[     5.872] (II) XINPUT: Adding extended input device "Sleep Button" (type: KEYBOARD, id 7)
[     5.872] (**) Option "xkb_model" "pc105"
[     5.872] (**) Option "xkb_layout" "cn"
[     5.873] (II) event1  - Sleep Button: is tagged by udev as: Keyboard
[     5.873] (II) event1  - Sleep Button: device is a keyboard
[     5.874] (II) config/udev: Adding input device Video Bus (/dev/input/event3)
[     5.874] (**) Video Bus: Applying InputClass "libinput keyboard catchall"
[     5.874] (II) Using input driver 'libinput' for 'Video Bus'
[     5.875] (II) systemd-logind: got fd for /dev/input/event3 13:67 fd 24 paused 0
[     5.875] (**) Video Bus: always reports core events
[     5.875] (**) Option "Device" "/dev/input/event3"
[     5.875] (**) Option "_source" "server/udev"
[     5.876] (II) event3  - Video Bus: is tagged by udev as: Keyboard
[     5.876] (II) event3  - Video Bus: device is a keyboard
[     5.876] (II) event3  - Video Bus: device removed
[     5.876] (**) Option "config_info" "udev:/sys/devices/LNXSYSTM:00/LNXSYBUS:00/PNP0A03:00/LNXVIDEO:00/input/input4/event3"
[     5.876] (II) XINPUT: Adding extended input device "Video Bus" (type: KEYBOARD, id 8)
[     5.876] (**) Option "xkb_model" "pc105"
[     5.876] (**) Option "xkb_layout" "cn"
[     5.876] (II) event3  - Video Bus: is tagged by udev as: Keyboard
[     5.876] (II) event3  - Video Bus: device is a keyboard
[     5.877] (II) config/udev: Adding input device VirtualBox mouse integration (/dev/input/event5)
[     5.877] (**) VirtualBox mouse integration: Applying InputClass "libinput pointer catchall"
[     5.877] (II) Using input driver 'libinput' for 'VirtualBox mouse integration'
[     5.878] (II) systemd-logind: got fd for /dev/input/event5 13:69 fd 25 paused 0
[     5.878] (**) VirtualBox mouse integration: always reports core events
[     5.878] (**) Option "Device" "/dev/input/event5"
[     5.878] (**) Option "_source" "server/udev"
[     5.879] (II) event5  - VirtualBox mouse integration: is tagged by udev as: Mouse
[     5.879] (II) event5  - VirtualBox mouse integration: device is a pointer
[     5.879] (II) event5  - VirtualBox mouse integration: device removed
[     5.879] (**) Option "config_info" "udev:/sys/devices/pci0000:00/0000:00:04.0/input/input6/event5"
[     5.879] (II) XINPUT: Adding extended input device "VirtualBox mouse integration" (type: MOUSE, id 9)
[     5.879] (**) Option "AccelerationScheme" "none"
[     5.879] (**) VirtualBox mouse integration: (accel) selected scheme none/0
[     5.879] (**) VirtualBox mouse integration: (accel) acceleration factor: 2.000
[     5.879] (**) VirtualBox mouse integration: (accel) acceleration threshold: 4
[     5.880] (II) event5  - VirtualBox mouse integration: is tagged by udev as: Mouse
[     5.880] (II) event5  - VirtualBox mouse integration: device is a pointer
[     5.881] (II) config/udev: Adding input device VirtualBox mouse integration (/dev/input/js0)
[     5.881] (II) No input driver specified, ignoring this device.
[     5.881] (II) This device may have been added with another device file.
[     5.881] (II) config/udev: Adding input device VirtualBox USB Tablet (/dev/input/event6)
[     5.881] (**) VirtualBox USB Tablet: Applying InputClass "libinput pointer catchall"
[     5.881] (II) Using input driver 'libinput' for 'VirtualBox USB Tablet'
[     5.944] (II) systemd-logind: got fd for /dev/input/event6 13:70 fd 26 paused 0
[     5.944] (**) VirtualBox USB Tablet: always reports core events
[     5.944] (**) Option "Device" "/dev/input/event6"
[     5.944] (**) Option "_source" "server/udev"
[     5.945] (II) event6  - VirtualBox USB Tablet: is tagged by udev as: Mouse
[     5.945] (II) event6  - VirtualBox USB Tablet: device is a pointer
[     5.945] (II) event6  - VirtualBox USB Tablet: device removed
[     5.945] (**) Option "config_info" "udev:/sys/devices/pci0000:00/0000:00:06.0/usb1/1-1/1-1:1.0/0003:80EE:0021.0001/input/input7/event6"
[     5.945] (II) XINPUT: Adding extended input device "VirtualBox USB Tablet" (type: MOUSE, id 10)
[     5.945] (**) Option "AccelerationScheme" "none"
[     5.945] (**) VirtualBox USB Tablet: (accel) selected scheme none/0
[     5.945] (**) VirtualBox USB Tablet: (accel) acceleration factor: 2.000
[     5.945] (**) VirtualBox USB Tablet: (accel) acceleration threshold: 4
[     5.946] (II) event6  - VirtualBox USB Tablet: is tagged by udev as: Mouse
[     5.946] (II) event6  - VirtualBox USB Tablet: device is a pointer
[     5.946] (II) config/udev: Adding input device VirtualBox USB Tablet (/dev/input/js1)
[     5.946] (II) No input driver specified, ignoring this device.
[     5.946] (II) This device may have been added with another device file.
[     5.946] (II) config/udev: Adding input device VirtualBox USB Tablet (/dev/input/mouse1)
[     5.946] (II) No input driver specified, ignoring this device.
[     5.946] (II) This device may have been added with another device file.
[     5.947] (II) config/udev: Adding input device AT Translated Set 2 keyboard (/dev/input/event2)
[     5.947] (**) AT Translated Set 2 keyboard: Applying InputClass "libinput keyboard catchall"
[     5.947] (II) Using input driver 'libinput' for 'AT Translated Set 2 keyboard'
[     5.947] (II) systemd-logind: got fd for /dev/input/event2 13:66 fd 27 paused 0
[     5.947] (**) AT Translated Set 2 keyboard: always reports core events
[     5.947] (**) Option "Device" "/dev/input/event2"
[     5.947] (**) Option "_source" "server/udev"
[     5.948] (II) event2  - AT Translated Set 2 keyboard: is tagged by udev as: Keyboard
[     5.948] (II) event2  - AT Translated Set 2 keyboard: device is a keyboard
[     5.948] (II) event2  - AT Translated Set 2 keyboard: device removed
[     5.948] (**) Option "config_info" "udev:/sys/devices/platform/i8042/serio0/input/input2/event2"
[     5.948] (II) XINPUT: Adding extended input device "AT Translated Set 2 keyboard" (type: KEYBOARD, id 11)
[     5.948] (**) Option "xkb_model" "pc105"
[     5.948] (**) Option "xkb_layout" "cn"
[     5.948] (II) event2  - AT Translated Set 2 keyboard: is tagged by udev as: Keyboard
[     5.948] (II) event2  - AT Translated Set 2 keyboard: device is a keyboard
[     5.949] (II) config/udev: Adding input device ImExPS/2 Generic Explorer Mouse (/dev/input/event4)
[     5.949] (**) ImExPS/2 Generic Explorer Mouse: Applying InputClass "libinput pointer catchall"
[     5.949] (II) Using input driver 'libinput' for 'ImExPS/2 Generic Explorer Mouse'
[     5.950] (II) systemd-logind: got fd for /dev/input/event4 13:68 fd 28 paused 0
[     5.950] (**) ImExPS/2 Generic Explorer Mouse: always reports core events
[     5.950] (**) Option "Device" "/dev/input/event4"
[     5.950] (**) Option "_source" "server/udev"
[     5.950] (II) event4  - ImExPS/2 Generic Explorer Mouse: is tagged by udev as: Mouse
[     5.950] (II) event4  - ImExPS/2 Generic Explorer Mouse: device is a pointer
[     5.950] (II) event4  - ImExPS/2 Generic Explorer Mouse: device removed
[     5.950] (**) Option "config_info" "udev:/sys/devices/platform/i8042/serio1/input/input5/event4"
[     5.951] (II) XINPUT: Adding extended input device "ImExPS/2 Generic Explorer Mouse" (type: MOUSE, id 12)
[     5.951] (**) Option "AccelerationScheme" "none"
[     5.951] (**) ImExPS/2 Generic Explorer Mouse: (accel) selected scheme none/0
[     5.951] (**) ImExPS/2 Generic Explorer Mouse: (accel) acceleration factor: 2.000
[     5.951] (**) ImExPS/2 Generic Explorer Mouse: (accel) acceleration threshold: 4
[     5.951] (II) event4  - ImExPS/2 Generic Explorer Mouse: is tagged by udev as: Mouse
[     5.951] (II) event4  - ImExPS/2 Generic Explorer Mouse: device is a pointer
[     5.951] (II) config/udev: Adding input device ImExPS/2 Generic Explorer Mouse (/dev/input/mouse0)
[     5.951] (II) No input driver specified, ignoring this device.
[     5.951] (II) This device may have been added with another device file.
